{"asctime": "2026-03-08 12:20:47", "levelname": "INFO", "session_id": "20260308_122037", "bl_type": "Healthy", "movement": "calc_cur_coordinates_circle_right", "duration": 9.508857011795044, "x_coord": 0, "y_coord": 0, "error_msg": ""}
{"asctime": "2026-03-08 12:23:45", "levelname": "INFO", "session_id": "20260308_122342", "bl_type": "Healthy", "movement": "calc_cur_coordinates_circle_right", "duration": 3.2060205936431885, "x_coord": 0, "y_coord": 0, "error_msg": ""}
{"asctime": "2026-03-08 12:26:37", "levelname": "INFO", "session_id": "20260308_122634", "bl_type": "Healthy", "movement": "calc_cur_coordinates_circle_right", "duration": 2.881526231765747, "x_coord": 0, "y_coord": 0, "error_msg": ""}
{"asctime": "2026-03-08 12:54:08", "levelname": "INFO", "session_id": "20260308_125356", "bl_type": "Healthy", "movement": "calc_cur_coordinates_circle_right", "duration": 11.928160429000854, "x_coord": 0, "y_coord": 0, "error_msg": ""}
{"asctime": "2026-03-08 12:56:33", "levelname": "INFO", "session_id": "20260308_125629", "bl_type": "Healthy", "movement": "calc_cur_coordinates_circle_right", "duration": 4.175675392150879, "x_coord": 0, "y_coord": 0, "error_msg": ""}
{"asctime": "2026-03-08 12:57:12", "levelname": "INFO", "session_id": "20260308_125708", "bl_type": "Healthy", "movement": "calc_cur_coordinates_circle_right", "duration": 4.394048452377319, "x_coord": 0, "y_coord": 0, "error_msg": ""}
{"asctime": "2026-03-08 13:00:55", "levelname": "INFO", "session_id": "20260308_125732", "bl_type": "Healthy", "movement": "calc_cur_coordinates_circle_right", "duration": 203.12948489189148, "x_coord": 0, "y_coord": 0, "error_msg": ""}
{"asctime": "2026-03-08 13:21:21", "levelname": "INFO", "session_id": "20260308_132115", "bl_type": "Healthy", "movement": "calc_cur_coordinates_circle_right", "duration": 5.698349237442017, "x_coord": 0, "y_coord": 0, "error_msg": ""}
{"asctime": "2026-03-08 13:21:26", "levelname": "INFO", "session_id": "20260308_132122", "bl_type": "Healthy", "movement": "calc_cur_coordinates_circle_right", "duration": 3.497812271118164, "x_coord": 0, "y_coord": 0, "error_msg": ""}
{"asctime": "2026-03-08 13:23:20", "levelname": "INFO", "session_id": "20260308_132315", "bl_type": "Healthy", "movement": "calc_cur_coordinates_circle_right", "duration": 5.1077494621276855, "x_coord": 0, "y_coord": 0, "error_msg": ""}
{"asctime": "2026-03-08 13:23:25", "levelname": "INFO", "session_id": "20260308_132058", "bl_type": "Healthy", "movement": "calc_cur_coordinates_circle_right", "duration": 147.4409155845642, "x_coord": 0, "y_coord": 0, "error_msg": ""}
{"asctime": "2026-03-08 13:23:49", "levelname": "INFO", "session_id": "20260308_132343", "bl_type": "Healthy", "movement": "calc_cur_coordinates_circle_right", "duration": 6.564533948898315, "x_coord": 0, "y_coord": 0, "error_msg": ""}
{"asctime": "2026-03-08 13:24:42", "levelname": "INFO", "session_id": "20260308_132436", "bl_type": "Healthy", "movement": "calc_cur_coordinates_circle_right", "duration": 5.949401617050171, "x_coord": 0, "y_coord": 0, "error_msg": ""}
{"asctime": "2026-03-08 13:25:25", "levelname": "INFO", "session_id": "20260308_132517", "bl_type": "Healthy", "movement": "calc_cur_coordinates_circle_right", "duration": 8.058104991912842, "x_coord": 0, "y_coord": 0, "error_msg": ""}
{"asctime": "2026-03-08 13:30:30", "levelname": "INFO", "session_id": "20260308_133022", "bl_type": "Healthy", "movement": "calc_cur_coordinates_circle_right", "duration": 8.30254864692688, "x_coord": 0, "y_coord": 0, "error_msg": ""}
{"asctime": "2026-03-08 13:31:19", "levelname": "INFO", "session_id": "20260308_133115", "bl_type": "Healthy", "movement": "calc_cur_coordinates_circle_right", "duration": 4.310937166213989, "x_coord": 0, "y_coord": 0, "error_msg": ""}
{"asctime": "2026-03-08 13:31:54", "levelname": "INFO", "session_id": "20260308_133147", "bl_type": "Healthy", "movement": "calc_cur_coordinates_circle_right", "duration": 6.722737550735474, "x_coord": 0, "y_coord": 0, "error_msg": ""}
{"asctime": "2026-03-08 13:32:03", "levelname": "INFO", "session_id": "20260308_133158", "bl_type": "Healthy", "movement": "calc_cur_coordinates_hotizontal", "duration": 5.200230836868286, "x_coord": 0, "y_coord": 0, "error_msg": ""}
{"asctime": "2026-03-08 13:37:19", "levelname": "INFO", "session_id": "20260308_133709", "bl_type": "Healthy", "movement": "calc_cur_coordinates_circle_right", "duration": 10.139907598495483, "x_coord": 0, "y_coord": 0, "error_msg": ""}
{"asctime": "2026-03-08 13:37:29", "levelname": "INFO", "session_id": "20260308_133725", "bl_type": "Healthy", "movement": "calc_cur_coordinates_hotizontal", "duration": 3.925849437713623, "x_coord": 0, "y_coord": 0, "error_msg": ""}
{"asctime": "2026-03-08 13:39:37", "levelname": "INFO", "session_id": "20260308_133933", "bl_type": "Healthy", "movement": "calc_cur_coordinates_circle_right", "duration": 3.6617982387542725, "x_coord": 0, "y_coord": 0, "error_msg": ""}
{"asctime": "2026-03-08 13:40:31", "levelname": "INFO", "session_id": "20260308_134025", "bl_type": "Healthy", "movement": "calc_cur_coordinates_circle_right", "duration": 6.240304470062256, "x_coord": 0, "y_coord": 0, "error_msg": ""}
{"asctime": "2026-03-08 13:40:45", "levelname": "INFO", "session_id": "20260308_134034", "bl_type": "Healthy", "movement": "calc_cur_coordinates_diagonal_up", "duration": 10.223968982696533, "x_coord": 0, "y_coord": 0, "error_msg": ""}
{"asctime": "2026-03-08 13:40:55", "levelname": "INFO", "session_id": "20260308_134048", "bl_type": "Healthy", "movement": "calc_cur_coordinates_clock", "duration": 6.819846153259277, "x_coord": 0, "y_coord": 0, "error_msg": ""}
{"asctime": "2026-03-08 13:42:10", "levelname": "INFO", "session_id": "20260308_134204", "bl_type": "Healthy", "movement": "calc_cur_coordinates_circle_right", "duration": 6.621705770492554, "x_coord": 0, "y_coord": 0, "error_msg": ""}
{"asctime": "2026-03-08 13:42:19", "levelname": "INFO", "session_id": "20260308_134213", "bl_type": "Healthy", "movement": "calc_cur_coordinates_vertical", "duration": 5.698188066482544, "x_coord": 0, "y_coord": 0, "error_msg": ""}
{"asctime": "2026-03-08 13:42:30", "levelname": "INFO", "session_id": "20260308_134223", "bl_type": "Healthy", "movement": "calc_cur_coordinates_zigzag", "duration": 6.5826640129089355, "x_coord": 0, "y_coord": 0, "error_msg": ""}
{"asctime": "2026-03-08 13:42:47", "levelname": "INFO", "session_id": "20260308_134232", "bl_type": "Healthy", "movement": "calc_cur_coordinates_two_diagonals", "duration": 14.359627485275269, "x_coord": 0, "y_coord": 0, "error_msg": ""}
{"asctime": "2026-03-11 12:55:04", "levelname": "INFO", "session_id": "20260311_125456", "bl_type": "Healthy", "movement": "calc_cur_coordinates_circle_right", "duration": 7.975185871124268, "x_coord": 0, "y_coord": 0, "error_msg": ""}
{"asctime": "2026-03-11 12:55:54", "levelname": "INFO", "session_id": "20260311_125546", "bl_type": "Healthy", "movement": "calc_cur_coordinates_circle_right", "duration": 7.803311109542847, "x_coord": 0, "y_coord": 0, "error_msg": ""}
{"asctime": "2026-03-11 12:58:20", "levelname": "INFO", "session_id": "20260311_125812", "bl_type": "Healthy", "movement": "calc_cur_coordinates_circle_right", "duration": 7.510522365570068, "x_coord": 0, "y_coord": 0, "error_msg": ""}
{"asctime": "2026-03-11 12:58:36", "levelname": "INFO", "session_id": "20260311_125829", "bl_type": "Healthy", "movement": "calc_cur_coordinates_vertical", "duration": 6.517686367034912, "x_coord": 0, "y_coord": 0, "error_msg": ""}
{"asctime": "2026-03-11 12:58:44", "levelname": "INFO", "session_id": "20260311_125839", "bl_type": "Protanopia", "movement": "calc_cur_coordinates_vertical", "duration": 5.613371133804321, "x_coord": 0, "y_coord": 0, "error_msg": ""}
{"asctime": "2026-03-11 12:58:54", "levelname": "INFO", "session_id": "20260311_125848", "bl_type": "Deuteranopia", "movement": "calc_cur_coordinates_vertical", "duration": 5.6691296100616455, "x_coord": 0, "y_coord": 0, "error_msg": ""}
{"asctime": "2026-03-11 12:59:00", "levelname": "INFO", "session_id": "20260311_125857", "bl_type": "Tritanopia", "movement": "calc_cur_coordinates_vertical", "duration": 2.089345693588257, "x_coord": 0, "y_coord": 0, "error_msg": ""}
{"asctime": "2026-03-11 12:59:13", "levelname": "INFO", "session_id": "20260311_125911", "bl_type": "Healthy", "movement": "calc_cur_coordinates_circle_right", "duration": 2.861539363861084, "x_coord": 0, "y_coord": 0, "error_msg": ""}
{"asctime": "2026-03-11 13:00:12", "levelname": "INFO", "session_id": "20260311_125758", "bl_type": "Healthy", "movement": "calc_cur_coordinates_circle_right", "duration": 134.58011317253113, "x_coord": 0, "y_coord": 0, "error_msg": ""}
{"asctime": "2026-03-11 13:01:15", "levelname": "INFO", "session_id": "20260311_125903", "bl_type": "Achromatopsia", "movement": "calc_cur_coordinates_vertical", "duration": 131.70119261741638, "x_coord": 0, "y_coord": 0, "error_msg": ""}
